#
# A fatal error has been detected by the Java Runtime Environment:
#
#  SIGSEGV (0xb) at pc=0x0000000000000000, pid=25648, tid=775
#
# JRE version: Java(TM) SE Runtime Environment (13.0.1+9) (build 13.0.1+9)
# Java VM: Java HotSpot(TM) 64-Bit Server VM (13.0.1+9, mixed mode, sharing, tiered, compressed oops, g1 gc, bsd-amd64)
# Problematic frame:
# C  0x0000000000000000
#
# No core dump will be written. Core dumps have been disabled. To enable core dumping, try "ulimit -c unlimited" before starting Java again
#
# If you would like to submit a bug report, please visit:
#   http://bugreport.java.com/bugreport/crash.jsp
# The crash happened outside the Java Virtual Machine in native code.
# See problematic frame for where to report the bug.
#

---------------  S U M M A R Y ------------

Command Line: -Djava.library.path=lib -javaagent:/Applications/IntelliJ IDEA.app/Contents/lib/idea_rt.jar=54352:/Applications/IntelliJ IDEA.app/Contents/bin -Dfile.encoding=UTF-8 fr.rphstudio.chess.launcher.MainLauncher

Host: MacBookPro14,1 x86_64 2300 MHz, 4 cores, 8G, Darwin 19.2.0
Time: Fri Feb 14 11:09:03 2020 CET elapsed time: 0 seconds (0d 0h 0m 0s)

---------------  T H R E A D  ---------------

Current thread (0x00007fddce9a0800):  JavaThread "AppKit Thread" daemon [_thread_in_native, id=775, stack(0x00007ffee4390000,0x00007ffee4b90000)]

Stack: [0x00007ffee4390000,0x00007ffee4b90000],  sp=0x00007ffee4b8b678,  free space=8173k

siginfo: si_signo: 11 (SIGSEGV), si_code: 1 (SEGV_MAPERR), si_addr: 0x0000000000000000

Register to memory mapping:

RAX=0x00007fddce0ffc88 points into unknown readable memory: 00 00 00 00 00 00 00 00
RBX=0x00007fddcf802030 points into unknown readable memory: c0 53 69 cd dd 7f 00 00
RCX=0x0 is NULL
RDX=0x0000000000000003 is an unknown value
RSP=0x00007ffee4b8b678 is pointing into the stack for thread: 0x00007fddce9a0800
RBP=0x00007ffee4b8b6b0 is pointing into the stack for thread: 0x00007fddce9a0800
RSI=0x0000000000000006 is an unknown value
RDI=0x00007fddcd6953c0 points into unknown readable memory: 00 08 00 cf dd 7f 00 00
R8 =0x0 is NULL
R9 =0x0 is NULL
R10=0x00007fddcf900100 points into unknown readable memory: 00 00 00 00 00 00 00 00
R11=0x00007fddcf9000f8 points into unknown readable memory: 00 00 00 00 00 00 00 00
R12=0x0000000000000003 is an unknown value
R13=0x0 is NULL
R14=0x00007fddce0ffc00 points into unknown readable memory: 88 fc 0f ce dd 7f 00 00
R15=0x00007fddce0ffcd8 points into unknown readable memory: 30 20 80 cf dd 7f 00 00


Registers:
RAX=0x00007fddce0ffc88, RBX=0x00007fddcf802030, RCX=0x0000000000000000, RDX=0x0000000000000003
RSP=0x00007ffee4b8b678, RBP=0x00007ffee4b8b6b0, RSI=0x0000000000000006, RDI=0x00007fddcd6953c0
R8 =0x0000000000000000, R9 =0x0000000000000000, R10=0x00007fddcf900100, R11=0x00007fddcf9000f8
R12=0x0000000000000003, R13=0x0000000000000000, R14=0x00007fddce0ffc00, R15=0x00007fddce0ffcd8
RIP=0x0000000000000000, EFLAGS=0x0000000000010206, ERR=0x0000000000000014
  TRAPNO=0x000000000000000e

Top of Stack: (sp=0x00007ffee4b8b678)
0x00007ffee4b8b678:   00007fff3b764112 00007ffee4b8b8a0
0x00007ffee4b8b688:   0000000000000002 00007fddcf8010c0
0x00007ffee4b8b698:   00007ffee4b8b820 00007fddce0ffc00
0x00007ffee4b8b6a8:   00007ffee4b8b8a0 00007ffee4b8b9c0
0x00007ffee4b8b6b8:   00007fff3b7644b1 00007ffe00000000
0x00007ffee4b8b6c8:   0000000000000002 000000010b08a000
0x00007ffee4b8b6d8:   00007fddcd600000 00000000e4b8b720
0x00007ffee4b8b6e8:   00007fddcd6ad3b0 00007ffee4b8b770
0x00007ffee4b8b6f8:   00007fddce0ffc00 00007fddce8e20a8
0x00007ffee4b8b708:   0000000000000007 00000000000000e8
0x00007ffee4b8b718:   00007fff3292ed39 00007fff3292ed56
0x00007ffee4b8b728:   00007fff3292ed39 00007ffee4b8b788
0x00007ffee4b8b738:   01007fff00000001 e0292fa7b89b0096
0x00007ffee4b8b748:   0000000000000005 00007fddcd6ad040
0x00007ffee4b8b758:   0000000000000000 0000000600000007
0x00007ffee4b8b768:   00007ffee4b8b788 00007ffee4b8b7c0
0x00007ffee4b8b778:   00007fff325d276f 00007ffee4b8b7c0
0x00007ffee4b8b788:   0000000000000000 e0292fa7b89b0096
0x00007ffee4b8b798:   0000000000000005 00007fff715e17dc
0x00007ffee4b8b7a8:   0000000000000000 0000000000000006
0x00007ffee4b8b7b8:   0000000000000000 0000000000000002
0x00007ffee4b8b7c8:   0000000000000002 00007fddce0ffc00
0x00007ffee4b8b7d8:   00007fddcf9000d0 0000000000000000
0x00007ffee4b8b7e8:   7ff0000000000000 0000000000000000
0x00007ffee4b8b7f8:   0000000000000000 0000000000000000
0x00007ffee4b8b808:   0000000000000000 00007fddcd6323f0
0x00007ffee4b8b818:   00007fff715e7e68 00007fddcf900340
0x00007ffee4b8b828:   00007fddcf9000d0 00007fff715dc663
0x00007ffee4b8b838:   00007fddcd4a9cf0 0000000600000007
0x00007ffee4b8b848:   00007fff2ddd1622 00000000feffffff
0x00007ffee4b8b858:   00007fddcd6ad360 0000000000000020
0x00007ffee4b8b868:   000000000000000b 000000010b08ee00 

Instructions: (pc=0x0000000000000000)
0xffffffffffffff00:   


Stack slot to memory mapping:
stack at sp + 0 slots: 0x00007fff3b764112: _ZN2CA11Transaction19run_commit_handlersE18CATransactionPhase+0x64 in /System/Library/Frameworks/QuartzCore.framework/Versions/A/QuartzCore at 0x00007fff3b761000
stack at sp + 1 slots: 0x00007ffee4b8b8a0 is pointing into the stack for thread: 0x00007fddce9a0800
stack at sp + 2 slots: 0x0000000000000002 is an unknown value
stack at sp + 3 slots: 0x00007fddcf8010c0 points into unknown readable memory: 02 00 00 00 00 40 00 00
stack at sp + 4 slots: 0x00007ffee4b8b820 is pointing into the stack for thread: 0x00007fddce9a0800
stack at sp + 5 slots: 0x00007fddce0ffc00 points into unknown readable memory: 88 fc 0f ce dd 7f 00 00
stack at sp + 6 slots: 0x00007ffee4b8b8a0 is pointing into the stack for thread: 0x00007fddce9a0800
stack at sp + 7 slots: 0x00007ffee4b8b9c0 is pointing into the stack for thread: 0x00007fddce9a0800


---------------  P R O C E S S  ---------------

Threads class SMR info:
_java_thread_list=0x00007fddcd609aa0, length=12, elements={
0x00007fddcf000800, 0x00007fddcf04d000, 0x00007fddce069000, 0x00007fddcf04d800,
0x00007fddce812800, 0x00007fddcd804800, 0x00007fddce06a000, 0x00007fddcf0a8000,
0x00007fddcd805800, 0x00007fddce0c7000, 0x00007fddce9a0800, 0x00007fddce9ae800
}

Java Threads: ( => current thread )
  0x00007fddcf000800 JavaThread "main" [_thread_in_native, id=9731, stack(0x000070000a5a4000,0x000070000a6a4000)]
  0x00007fddcf04d000 JavaThread "Reference Handler" daemon [_thread_blocked, id=18435, stack(0x000070000acb9000,0x000070000adb9000)]
  0x00007fddce069000 JavaThread "Finalizer" daemon [_thread_blocked, id=17923, stack(0x000070000adbc000,0x000070000aebc000)]
  0x00007fddcf04d800 JavaThread "Signal Dispatcher" daemon [_thread_blocked, id=21763, stack(0x000070000afc5000,0x000070000b0c5000)]
  0x00007fddce812800 JavaThread "C2 CompilerThread0" daemon [_thread_blocked, id=22275, stack(0x000070000b0c8000,0x000070000b1c8000)]
  0x00007fddcd804800 JavaThread "C1 CompilerThread0" daemon [_thread_blocked, id=42755, stack(0x000070000b1cb000,0x000070000b2cb000)]
  0x00007fddce06a000 JavaThread "Sweeper thread" daemon [_thread_blocked, id=42243, stack(0x000070000b2ce000,0x000070000b3ce000)]
  0x00007fddcf0a8000 JavaThread "Common-Cleaner" daemon [_thread_blocked, id=41731, stack(0x000070000b3d1000,0x000070000b4d1000)]
  0x00007fddcd805800 JavaThread "Monitor Ctrl-Break" daemon [_thread_in_native, id=41219, stack(0x000070000b4d4000,0x000070000b5d4000)]
  0x00007fddce0c7000 JavaThread "Service Thread" daemon [_thread_blocked, id=23811, stack(0x000070000b5d7000,0x000070000b6d7000)]
=>0x00007fddce9a0800 JavaThread "AppKit Thread" daemon [_thread_in_native, id=775, stack(0x00007ffee4390000,0x00007ffee4b90000)]
  0x00007fddce9ae800 JavaThread "AWT-Shutdown" [_thread_blocked, id=34315, stack(0x000070000b860000,0x000070000b960000)]

Other Threads:
  0x00007fddcf04c000 VMThread "VM Thread" [stack: 0x000070000abb6000,0x000070000acb6000] [id=19203]
  0x00007fddcd806800 WatcherThread [stack: 0x000070000b6da000,0x000070000b7da000] [id=40707]
  0x00007fddcf028000 GCTaskThread "GC Thread#0" [stack: 0x000070000a6a7000,0x000070000a7a7000] [id=20995]
  0x00007fddcf039800 ConcurrentGCThread "G1 Main Marker" [stack: 0x000070000a7aa000,0x000070000a8aa000] [id=11779]
  0x00007fddce80e000 ConcurrentGCThread "G1 Conc#0" [stack: 0x000070000a8ad000,0x000070000a9ad000] [id=19971]
  0x00007fddce056000 ConcurrentGCThread "G1 Refine#0" [stack: 0x000070000a9b0000,0x000070000aab0000] [id=12547]
  0x00007fddce057000 ConcurrentGCThread "G1 Young RemSet Sampling" [stack: 0x000070000aab3000,0x000070000abb3000] [id=13059]

Threads with active compile tasks:

VM state:not at safepoint (normal execution)

VM Mutex/Monitor currently owned by a thread: None

Heap address: 0x0000000780000000, size: 2048 MB, Compressed Oops mode: Zero based, Oop shift amount: 3
Narrow klass base: 0x0000000800000000, Narrow klass shift: 3
Compressed class space size: 1073741824 Address: 0x0000000800ae0000

Heap:
 garbage-first heap   total 133120K, used 5880K [0x0000000780000000, 0x0000000800000000)
  region size 1024K, 6 young (6144K), 0 survivors (0K)
 Metaspace       used 3085K, capacity 5444K, committed 5760K, reserved 1056768K
  class space    used 285K, capacity 515K, committed 640K, reserved 1048576K
Heap Regions: E=young(eden), S=young(survivor), O=old, HS=humongous(starts), HC=humongous(continues), CS=collection set, F=free, A=archive, TAMS=top-at-mark-start (previous, next)
|   0|0x0000000780000000, 0x0000000780000000, 0x0000000780100000|  0%| F|  |TAMS 0x0000000780000000, 0x0000000780000000| Untracked 
|   1|0x0000000780100000, 0x0000000780100000, 0x0000000780200000|  0%| F|  |TAMS 0x0000000780100000, 0x0000000780100000| Untracked 
|   2|0x0000000780200000, 0x0000000780200000, 0x0000000780300000|  0%| F|  |TAMS 0x0000000780200000, 0x0000000780200000| Untracked 
|   3|0x0000000780300000, 0x0000000780300000, 0x0000000780400000|  0%| F|  |TAMS 0x0000000780300000, 0x0000000780300000| Untracked 
|   4|0x0000000780400000, 0x0000000780400000, 0x0000000780500000|  0%| F|  |TAMS 0x0000000780400000, 0x0000000780400000| Untracked 
|   5|0x0000000780500000, 0x0000000780500000, 0x0000000780600000|  0%| F|  |TAMS 0x0000000780500000, 0x0000000780500000| Untracked 
|   6|0x0000000780600000, 0x0000000780600000, 0x0000000780700000|  0%| F|  |TAMS 0x0000000780600000, 0x0000000780600000| Untracked 
|   7|0x0000000780700000, 0x0000000780700000, 0x0000000780800000|  0%| F|  |TAMS 0x0000000780700000, 0x0000000780700000| Untracked 
|   8|0x0000000780800000, 0x0000000780800000, 0x0000000780900000|  0%| F|  |TAMS 0x0000000780800000, 0x0000000780800000| Untracked 
|   9|0x0000000780900000, 0x0000000780900000, 0x0000000780a00000|  0%| F|  |TAMS 0x0000000780900000, 0x0000000780900000| Untracked 
|  10|0x0000000780a00000, 0x0000000780a00000, 0x0000000780b00000|  0%| F|  |TAMS 0x0000000780a00000, 0x0000000780a00000| Untracked 
|  11|0x0000000780b00000, 0x0000000780b00000, 0x0000000780c00000|  0%| F|  |TAMS 0x0000000780b00000, 0x0000000780b00000| Untracked 
|  12|0x0000000780c00000, 0x0000000780c00000, 0x0000000780d00000|  0%| F|  |TAMS 0x0000000780c00000, 0x0000000780c00000| Untracked 
|  13|0x0000000780d00000, 0x0000000780d00000, 0x0000000780e00000|  0%| F|  |TAMS 0x0000000780d00000, 0x0000000780d00000| Untracked 
|  14|0x0000000780e00000, 0x0000000780e00000, 0x0000000780f00000|  0%| F|  |TAMS 0x0000000780e00000, 0x0000000780e00000| Untracked 
|  15|0x0000000780f00000, 0x0000000780f00000, 0x0000000781000000|  0%| F|  |TAMS 0x0000000780f00000, 0x0000000780f00000| Untracked 
|  16|0x0000000781000000, 0x0000000781000000, 0x0000000781100000|  0%| F|  |TAMS 0x0000000781000000, 0x0000000781000000| Untracked 
|  17|0x0000000781100000, 0x0000000781100000, 0x0000000781200000|  0%| F|  |TAMS 0x0000000781100000, 0x0000000781100000| Untracked 
|  18|0x0000000781200000, 0x0000000781200000, 0x0000000781300000|  0%| F|  |TAMS 0x0000000781200000, 0x0000000781200000| Untracked 
|  19|0x0000000781300000, 0x0000000781300000, 0x0000000781400000|  0%| F|  |TAMS 0x0000000781300000, 0x0000000781300000| Untracked 
|  20|0x0000000781400000, 0x0000000781400000, 0x0000000781500000|  0%| F|  |TAMS 0x0000000781400000, 0x0000000781400000| Untracked 
|  21|0x0000000781500000, 0x0000000781500000, 0x0000000781600000|  0%| F|  |TAMS 0x0000000781500000, 0x0000000781500000| Untracked 
|  22|0x0000000781600000, 0x0000000781600000, 0x0000000781700000|  0%| F|  |TAMS 0x0000000781600000, 0x0000000781600000| Untracked 
|  23|0x0000000781700000, 0x0000000781700000, 0x0000000781800000|  0%| F|  |TAMS 0x0000000781700000, 0x0000000781700000| Untracked 
|  24|0x0000000781800000, 0x0000000781800000, 0x0000000781900000|  0%| F|  |TAMS 0x0000000781800000, 0x0000000781800000| Untracked 
|  25|0x0000000781900000, 0x0000000781900000, 0x0000000781a00000|  0%| F|  |TAMS 0x0000000781900000, 0x0000000781900000| Untracked 
|  26|0x0000000781a00000, 0x0000000781a00000, 0x0000000781b00000|  0%| F|  |TAMS 0x0000000781a00000, 0x0000000781a00000| Untracked 
|  27|0x0000000781b00000, 0x0000000781b00000, 0x0000000781c00000|  0%| F|  |TAMS 0x0000000781b00000, 0x0000000781b00000| Untracked 
|  28|0x0000000781c00000, 0x0000000781c00000, 0x0000000781d00000|  0%| F|  |TAMS 0x0000000781c00000, 0x0000000781c00000| Untracked 
|  29|0x0000000781d00000, 0x0000000781d00000, 0x0000000781e00000|  0%| F|  |TAMS 0x0000000781d00000, 0x0000000781d00000| Untracked 
|  30|0x0000000781e00000, 0x0000000781e00000, 0x0000000781f00000|  0%| F|  |TAMS 0x0000000781e00000, 0x0000000781e00000| Untracked 
|  31|0x0000000781f00000, 0x0000000781f00000, 0x0000000782000000|  0%| F|  |TAMS 0x0000000781f00000, 0x0000000781f00000| Untracked 
|  32|0x0000000782000000, 0x0000000782000000, 0x0000000782100000|  0%| F|  |TAMS 0x0000000782000000, 0x0000000782000000| Untracked 
|  33|0x0000000782100000, 0x0000000782100000, 0x0000000782200000|  0%| F|  |TAMS 0x0000000782100000, 0x0000000782100000| Untracked 
|  34|0x0000000782200000, 0x0000000782200000, 0x0000000782300000|  0%| F|  |TAMS 0x0000000782200000, 0x0000000782200000| Untracked 
|  35|0x0000000782300000, 0x0000000782300000, 0x0000000782400000|  0%| F|  |TAMS 0x0000000782300000, 0x0000000782300000| Untracked 
|  36|0x0000000782400000, 0x0000000782400000, 0x0000000782500000|  0%| F|  |TAMS 0x0000000782400000, 0x0000000782400000| Untracked 
|  37|0x0000000782500000, 0x0000000782500000, 0x0000000782600000|  0%| F|  |TAMS 0x0000000782500000, 0x0000000782500000| Untracked 
|  38|0x0000000782600000, 0x0000000782600000, 0x0000000782700000|  0%| F|  |TAMS 0x0000000782600000, 0x0000000782600000| Untracked 
|  39|0x0000000782700000, 0x0000000782700000, 0x0000000782800000|  0%| F|  |TAMS 0x0000000782700000, 0x0000000782700000| Untracked 
|  40|0x0000000782800000, 0x0000000782800000, 0x0000000782900000|  0%| F|  |TAMS 0x0000000782800000, 0x0000000782800000| Untracked 
|  41|0x0000000782900000, 0x0000000782900000, 0x0000000782a00000|  0%| F|  |TAMS 0x0000000782900000, 0x0000000782900000| Untracked 
|  42|0x0000000782a00000, 0x0000000782a00000, 0x0000000782b00000|  0%| F|  |TAMS 0x0000000782a00000, 0x0000000782a00000| Untracked 
|  43|0x0000000782b00000, 0x0000000782b00000, 0x0000000782c00000|  0%| F|  |TAMS 0x0000000782b00000, 0x0000000782b00000| Untracked 
|  44|0x0000000782c00000, 0x0000000782c00000, 0x0000000782d00000|  0%| F|  |TAMS 0x0000000782c00000, 0x0000000782c00000| Untracked 
|  45|0x0000000782d00000, 0x0000000782d00000, 0x0000000782e00000|  0%| F|  |TAMS 0x0000000782d00000, 0x0000000782d00000| Untracked 
|  46|0x0000000782e00000, 0x0000000782e00000, 0x0000000782f00000|  0%| F|  |TAMS 0x0000000782e00000, 0x0000000782e00000| Untracked 
|  47|0x0000000782f00000, 0x0000000782f00000, 0x0000000783000000|  0%| F|  |TAMS 0x0000000782f00000, 0x0000000782f00000| Untracked 
|  48|0x0000000783000000, 0x0000000783000000, 0x0000000783100000|  0%| F|  |TAMS 0x0000000783000000, 0x0000000783000000| Untracked 
|  49|0x0000000783100000, 0x0000000783100000, 0x0000000783200000|  0%| F|  |TAMS 0x0000000783100000, 0x0000000783100000| Untracked 
|  50|0x0000000783200000, 0x0000000783200000, 0x0000000783300000|  0%| F|  |TAMS 0x0000000783200000, 0x0000000783200000| Untracked 
|  51|0x0000000783300000, 0x0000000783300000, 0x0000000783400000|  0%| F|  |TAMS 0x0000000783300000, 0x0000000783300000| Untracked 
|  52|0x0000000783400000, 0x0000000783400000, 0x0000000783500000|  0%| F|  |TAMS 0x0000000783400000, 0x0000000783400000| Untracked 
|  53|0x0000000783500000, 0x0000000783500000, 0x0000000783600000|  0%| F|  |TAMS 0x0000000783500000, 0x0000000783500000| Untracked 
|  54|0x0000000783600000, 0x0000000783600000, 0x0000000783700000|  0%| F|  |TAMS 0x0000000783600000, 0x0000000783600000| Untracked 
|  55|0x0000000783700000, 0x0000000783700000, 0x0000000783800000|  0%| F|  |TAMS 0x0000000783700000, 0x0000000783700000| Untracked 
|  56|0x0000000783800000, 0x0000000783800000, 0x0000000783900000|  0%| F|  |TAMS 0x0000000783800000, 0x0000000783800000| Untracked 
|  57|0x0000000783900000, 0x0000000783900000, 0x0000000783a00000|  0%| F|  |TAMS 0x0000000783900000, 0x0000000783900000| Untracked 
|  58|0x0000000783a00000, 0x0000000783a00000, 0x0000000783b00000|  0%| F|  |TAMS 0x0000000783a00000, 0x0000000783a00000| Untracked 
|  59|0x0000000783b00000, 0x0000000783b00000, 0x0000000783c00000|  0%| F|  |TAMS 0x0000000783b00000, 0x0000000783b00000| Untracked 
|  60|0x0000000783c00000, 0x0000000783c00000, 0x0000000783d00000|  0%| F|  |TAMS 0x0000000783c00000, 0x0000000783c00000| Untracked 
|  61|0x0000000783d00000, 0x0000000783d00000, 0x0000000783e00000|  0%| F|  |TAMS 0x0000000783d00000, 0x0000000783d00000| Untracked 
|  62|0x0000000783e00000, 0x0000000783e00000, 0x0000000783f00000|  0%| F|  |TAMS 0x0000000783e00000, 0x0000000783e00000| Untracked 
|  63|0x0000000783f00000, 0x0000000783f00000, 0x0000000784000000|  0%| F|  |TAMS 0x0000000783f00000, 0x0000000783f00000| Untracked 
|  64|0x0000000784000000, 0x0000000784000000, 0x0000000784100000|  0%| F|  |TAMS 0x0000000784000000, 0x0000000784000000| Untracked 
|  65|0x0000000784100000, 0x0000000784100000, 0x0000000784200000|  0%| F|  |TAMS 0x0000000784100000, 0x0000000784100000| Untracked 
|  66|0x0000000784200000, 0x0000000784200000, 0x0000000784300000|  0%| F|  |TAMS 0x0000000784200000, 0x0000000784200000| Untracked 
|  67|0x0000000784300000, 0x0000000784300000, 0x0000000784400000|  0%| F|  |TAMS 0x0000000784300000, 0x0000000784300000| Untracked 
|  68|0x0000000784400000, 0x0000000784400000, 0x0000000784500000|  0%| F|  |TAMS 0x0000000784400000, 0x0000000784400000| Untracked 
|  69|0x0000000784500000, 0x0000000784500000, 0x0000000784600000|  0%| F|  |TAMS 0x0000000784500000, 0x0000000784500000| Untracked 
|  70|0x0000000784600000, 0x0000000784600000, 0x0000000784700000|  0%| F|  |TAMS 0x0000000784600000, 0x0000000784600000| Untracked 
|  71|0x0000000784700000, 0x0000000784700000, 0x0000000784800000|  0%| F|  |TAMS 0x0000000784700000, 0x0000000784700000| Untracked 
|  72|0x0000000784800000, 0x0000000784800000, 0x0000000784900000|  0%| F|  |TAMS 0x0000000784800000, 0x0000000784800000| Untracked 
|  73|0x0000000784900000, 0x0000000784900000, 0x0000000784a00000|  0%| F|  |TAMS 0x0000000784900000, 0x0000000784900000| Untracked 
|  74|0x0000000784a00000, 0x0000000784a00000, 0x0000000784b00000|  0%| F|  |TAMS 0x0000000784a00000, 0x0000000784a00000| Untracked 
|  75|0x0000000784b00000, 0x0000000784b00000, 0x0000000784c00000|  0%| F|  |TAMS 0x0000000784b00000, 0x0000000784b00000| Untracked 
|  76|0x0000000784c00000, 0x0000000784c00000, 0x0000000784d00000|  0%| F|  |TAMS 0x0000000784c00000, 0x0000000784c00000| Untracked 
|  77|0x0000000784d00000, 0x0000000784d00000, 0x0000000784e00000|  0%| F|  |TAMS 0x0000000784d00000, 0x0000000784d00000| Untracked 
|  78|0x0000000784e00000, 0x0000000784e00000, 0x0000000784f00000|  0%| F|  |TAMS 0x0000000784e00000, 0x0000000784e00000| Untracked 
|  79|0x0000000784f00000, 0x0000000784f00000, 0x0000000785000000|  0%| F|  |TAMS 0x0000000784f00000, 0x0000000784f00000| Untracked 
|  80|0x0000000785000000, 0x0000000785000000, 0x0000000785100000|  0%| F|  |TAMS 0x0000000785000000, 0x0000000785000000| Untracked 
|  81|0x0000000785100000, 0x0000000785100000, 0x0000000785200000|  0%| F|  |TAMS 0x0000000785100000, 0x0000000785100000| Untracked 
|  82|0x0000000785200000, 0x0000000785200000, 0x0000000785300000|  0%| F|  |TAMS 0x0000000785200000, 0x0000000785200000| Untracked 
|  83|0x0000000785300000, 0x0000000785300000, 0x0000000785400000|  0%| F|  |TAMS 0x0000000785300000, 0x0000000785300000| Untracked 
|  84|0x0000000785400000, 0x0000000785400000, 0x0000000785500000|  0%| F|  |TAMS 0x0000000785400000, 0x0000000785400000| Untracked 
|  85|0x0000000785500000, 0x0000000785500000, 0x0000000785600000|  0%| F|  |TAMS 0x0000000785500000, 0x0000000785500000| Untracked 
|  86|0x0000000785600000, 0x0000000785600000, 0x0000000785700000|  0%| F|  |TAMS 0x0000000785600000, 0x0000000785600000| Untracked 
|  87|0x0000000785700000, 0x0000000785700000, 0x0000000785800000|  0%| F|  |TAMS 0x0000000785700000, 0x0000000785700000| Untracked 
|  88|0x0000000785800000, 0x0000000785800000, 0x0000000785900000|  0%| F|  |TAMS 0x0000000785800000, 0x0000000785800000| Untracked 
|  89|0x0000000785900000, 0x0000000785900000, 0x0000000785a00000|  0%| F|  |TAMS 0x0000000785900000, 0x0000000785900000| Untracked 
|  90|0x0000000785a00000, 0x0000000785a00000, 0x0000000785b00000|  0%| F|  |TAMS 0x0000000785a00000, 0x0000000785a00000| Untracked 
|  91|0x0000000785b00000, 0x0000000785b00000, 0x0000000785c00000|  0%| F|  |TAMS 0x0000000785b00000, 0x0000000785b00000| Untracked 
|  92|0x0000000785c00000, 0x0000000785c00000, 0x0000000785d00000|  0%| F|  |TAMS 0x0000000785c00000, 0x0000000785c00000| Untracked 
|  93|0x0000000785d00000, 0x0000000785d00000, 0x0000000785e00000|  0%| F|  |TAMS 0x0000000785d00000, 0x0000000785d00000| Untracked 
|  94|0x0000000785e00000, 0x0000000785e00000, 0x0000000785f00000|  0%| F|  |TAMS 0x0000000785e00000, 0x0000000785e00000| Untracked 
|  95|0x0000000785f00000, 0x0000000785f00000, 0x0000000786000000|  0%| F|  |TAMS 0x0000000785f00000, 0x0000000785f00000| Untracked 
|  96|0x0000000786000000, 0x0000000786000000, 0x0000000786100000|  0%| F|  |TAMS 0x0000000786000000, 0x0000000786000000| Untracked 
|  97|0x0000000786100000, 0x0000000786100000, 0x0000000786200000|  0%| F|  |TAMS 0x0000000786100000, 0x0000000786100000| Untracked 
|  98|0x0000000786200000, 0x0000000786200000, 0x0000000786300000|  0%| F|  |TAMS 0x0000000786200000, 0x0000000786200000| Untracked 
|  99|0x0000000786300000, 0x0000000786300000, 0x0000000786400000|  0%| F|  |TAMS 0x0000000786300000, 0x0000000786300000| Untracked 
| 100|0x0000000786400000, 0x0000000786400000, 0x0000000786500000|  0%| F|  |TAMS 0x0000000786400000, 0x0000000786400000| Untracked 
| 101|0x0000000786500000, 0x0000000786500000, 0x0000000786600000|  0%| F|  |TAMS 0x0000000786500000, 0x0000000786500000| Untracked 
| 102|0x0000000786600000, 0x0000000786600000, 0x0000000786700000|  0%| F|  |TAMS 0x0000000786600000, 0x0000000786600000| Untracked 
| 103|0x0000000786700000, 0x0000000786700000, 0x0000000786800000|  0%| F|  |TAMS 0x0000000786700000, 0x0000000786700000| Untracked 
| 104|0x0000000786800000, 0x0000000786800000, 0x0000000786900000|  0%| F|  |TAMS 0x0000000786800000, 0x0000000786800000| Untracked 
| 105|0x0000000786900000, 0x0000000786900000, 0x0000000786a00000|  0%| F|  |TAMS 0x0000000786900000, 0x0000000786900000| Untracked 
| 106|0x0000000786a00000, 0x0000000786a00000, 0x0000000786b00000|  0%| F|  |TAMS 0x0000000786a00000, 0x0000000786a00000| Untracked 
| 107|0x0000000786b00000, 0x0000000786b00000, 0x0000000786c00000|  0%| F|  |TAMS 0x0000000786b00000, 0x0000000786b00000| Untracked 
| 108|0x0000000786c00000, 0x0000000786c00000, 0x0000000786d00000|  0%| F|  |TAMS 0x0000000786c00000, 0x0000000786c00000| Untracked 
| 109|0x0000000786d00000, 0x0000000786d00000, 0x0000000786e00000|  0%| F|  |TAMS 0x0000000786d00000, 0x0000000786d00000| Untracked 
| 110|0x0000000786e00000, 0x0000000786e00000, 0x0000000786f00000|  0%| F|  |TAMS 0x0000000786e00000, 0x0000000786e00000| Untracked 
| 111|0x0000000786f00000, 0x0000000786f00000, 0x0000000787000000|  0%| F|  |TAMS 0x0000000786f00000, 0x0000000786f00000| Untracked 
| 112|0x0000000787000000, 0x0000000787000000, 0x0000000787100000|  0%| F|  |TAMS 0x0000000787000000, 0x0000000787000000| Untracked 
| 113|0x0000000787100000, 0x0000000787100000, 0x0000000787200000|  0%| F|  |TAMS 0x0000000787100000, 0x0000000787100000| Untracked 
| 114|0x0000000787200000, 0x0000000787200000, 0x0000000787300000|  0%| F|  |TAMS 0x0000000787200000, 0x0000000787200000| Untracked 
| 115|0x0000000787300000, 0x0000000787300000, 0x0000000787400000|  0%| F|  |TAMS 0x0000000787300000, 0x0000000787300000| Untracked 
| 116|0x0000000787400000, 0x0000000787400000, 0x0000000787500000|  0%| F|  |TAMS 0x0000000787400000, 0x0000000787400000| Untracked 
| 117|0x0000000787500000, 0x0000000787500000, 0x0000000787600000|  0%| F|  |TAMS 0x0000000787500000, 0x0000000787500000| Untracked 
| 118|0x0000000787600000, 0x0000000787600000, 0x0000000787700000|  0%| F|  |TAMS 0x0000000787600000, 0x0000000787600000| Untracked 
| 119|0x0000000787700000, 0x0000000787700000, 0x0000000787800000|  0%| F|  |TAMS 0x0000000787700000, 0x0000000787700000| Untracked 
| 120|0x0000000787800000, 0x0000000787800000, 0x0000000787900000|  0%| F|  |TAMS 0x0000000787800000, 0x0000000787800000| Untracked 
| 121|0x0000000787900000, 0x0000000787900000, 0x0000000787a00000|  0%| F|  |TAMS 0x0000000787900000, 0x0000000787900000| Untracked 
| 122|0x0000000787a00000, 0x0000000787a4d710, 0x0000000787b00000| 30%| E|  |TAMS 0x0000000787a00000, 0x0000000787a00000| Complete 
| 123|0x0000000787b00000, 0x0000000787c00000, 0x0000000787c00000|100%| E|CS|TAMS 0x0000000787b00000, 0x0000000787b00000| Complete 
| 124|0x0000000787c00000, 0x0000000787d00000, 0x0000000787d00000|100%| E|CS|TAMS 0x0000000787c00000, 0x0000000787c00000| Complete 
| 125|0x0000000787d00000, 0x0000000787e00000, 0x0000000787e00000|100%| E|CS|TAMS 0x0000000787d00000, 0x0000000787d00000| Complete 
| 126|0x0000000787e00000, 0x0000000787f00000, 0x0000000787f00000|100%| E|CS|TAMS 0x0000000787e00000, 0x0000000787e00000| Complete 
| 127|0x0000000787f00000, 0x0000000788000000, 0x0000000788000000|100%| E|CS|TAMS 0x0000000787f00000, 0x0000000787f00000| Complete 
|1022|0x00000007bfe00000, 0x00000007bfe47000, 0x00000007bff00000| 27%|OA|  |TAMS 0x00000007bfe00000, 0x00000007bfe00000| Untracked 
|1023|0x00000007bff00000, 0x00000007bff77000, 0x00000007c0000000| 46%|CA|  |TAMS 0x00000007bff00000, 0x00000007bff00000| Untracked 

Card table byte_map: [0x000000010d1b7000,0x000000010d5b7000] _byte_map_base: 0x00000001095b7000

Marking Bits (Prev, Next): (CMBitMap*) 0x00007fddcf028c18, (CMBitMap*) 0x00007fddcf028c58
 Prev Bits: [0x0000000125881000, 0x0000000127881000)
 Next Bits: [0x0000000127881000, 0x0000000129881000)

Polling page: 0x000000010b0e0000

Metaspace:

Usage:
  Non-class:      4.81 MB capacity,     2.73 MB ( 57%) used,     2.07 MB ( 43%) free+waste,     7.00 KB ( <1%) overhead. 
      Class:    515.00 KB capacity,   285.52 KB ( 55%) used,   225.41 KB ( 44%) free+waste,     4.06 KB ( <1%) overhead. 
       Both:      5.32 MB capacity,     3.01 MB ( 57%) used,     2.29 MB ( 43%) free+waste,    11.06 KB ( <1%) overhead. 

Virtual space:
  Non-class space:        8.00 MB reserved,       5.00 MB ( 62%) committed 
      Class space:        1.00 GB reserved,     640.00 KB ( <1%) committed 
             Both:        1.01 GB reserved,       5.62 MB ( <1%) committed 

Chunk freelists:
   Non-Class:  59.00 KB
       Class:  0 bytes
        Both:  59.00 KB

MaxMetaspaceSize: unlimited
CompressedClassSpaceSize: 1.00 GB

CodeHeap 'non-profiled nmethods': size=120032Kb used=156Kb max_used=156Kb free=119876Kb
 bounds [0x000000011e349000, 0x000000011e5b9000, 0x0000000125881000]
CodeHeap 'profiled nmethods': size=120032Kb used=716Kb max_used=716Kb free=119315Kb
 bounds [0x0000000116e11000, 0x0000000117081000, 0x000000011e349000]
CodeHeap 'non-nmethods': size=5696Kb used=1152Kb max_used=1164Kb free=4543Kb
 bounds [0x0000000116881000, 0x0000000116af1000, 0x0000000116e11000]
 total_blobs=1000 nmethods=501 adapters=311
 compilation: enabled
              stopped_count=0, restarted_count=0
 full_count=0

Compilation events (20 events):
Event: 0.735 Thread 0x00007fddcd804800  492       1       java.lang.reflect.Field::getType (5 bytes)
Event: 0.735 Thread 0x00007fddcd804800 nmethod 492 0x000000011e36f510 code [0x000000011e36f6a0, 0x000000011e36f7d0]
Event: 0.737 Thread 0x00007fddcd804800  493       3       java.lang.String::substring (68 bytes)
Event: 0.738 Thread 0x00007fddce812800  496 %     4       java.util.zip.ZipFile$Source::hashN @ 2 (26 bytes)
Event: 0.738 Thread 0x00007fddcd804800 nmethod 493 0x0000000116ebfe10 code [0x0000000116ec0040, 0x0000000116ec0818]
Event: 0.738 Thread 0x00007fddcd804800  495       3       java.lang.reflect.Modifier::isPublic (12 bytes)
Event: 0.738 Thread 0x00007fddcd804800 nmethod 495 0x0000000116ec0a90 code [0x0000000116ec0c20, 0x0000000116ec0db0]
Event: 0.738 Thread 0x00007fddcd804800  494       1       java.lang.reflect.Field::getRoot (5 bytes)
Event: 0.738 Thread 0x00007fddcd804800 nmethod 494 0x000000011e36f810 code [0x000000011e36f9a0, 0x000000011e36fad0]
Event: 0.740 Thread 0x00007fddcd804800  497       3       java.lang.Integer::valueOf (32 bytes)
Event: 0.741 Thread 0x00007fddcd804800 nmethod 497 0x0000000116ec0e10 code [0x0000000116ec0fc0, 0x0000000116ec1330]
Event: 0.741 Thread 0x00007fddcd804800  498       3       java.nio.Buffer::remaining (10 bytes)
Event: 0.741 Thread 0x00007fddcd804800 nmethod 498 0x0000000116ec1490 code [0x0000000116ec1620, 0x0000000116ec1790]
Event: 0.743 Thread 0x00007fddce812800 nmethod 496% 0x000000011e36fb10 code [0x000000011e36fca0, 0x000000011e36ff18]
Event: 0.785 Thread 0x00007fddcd804800  499       3       java.lang.StringCoding::encodeUTF8 (132 bytes)
Event: 0.785 Thread 0x00007fddcd804800 nmethod 499 0x0000000116ec1810 code [0x0000000116ec1a40, 0x0000000116ec24c8]
Event: 0.785 Thread 0x00007fddcd804800  500       3       java.util.zip.ZipCoder$UTF8::getBytes (10 bytes)
Event: 0.786 Thread 0x00007fddcd804800 nmethod 500 0x0000000116ec2810 code [0x0000000116ec29e0, 0x0000000116ec2d08]
Event: 0.786 Thread 0x00007fddcd804800  501   !   3       jdk.internal.loader.URLClassPath$JarLoader::ensureOpen (36 bytes)
Event: 0.786 Thread 0x00007fddcd804800 nmethod 501 0x0000000116ec2e90 code [0x0000000116ec3100, 0x0000000116ec3bb8]

GC Heap History (0 events):
No events

Deoptimization events (0 events):
No events

Classes unloaded (0 events):
No events

Classes redefined (0 events):
No events

Internal exceptions (5 events):
Event: 0.247 Thread 0x00007fddcf000800 Exception <a 'java/lang/ClassNotFoundException'{0x0000000787da0630}: sun/awt/resources/spi/awtProvider> (0x0000000787da0630) 
thrown [/scratch/mesos/slaves/fcf4c0c4-d73e-4321-860c-6613427db92b-S2452/frameworks/1735e8a2-a1db-478c-8104-60c8b0af87dd-0196/executors/ab12d1f8-defd-4a26-b83a-82b67c14bc8d/runs/ad8904cf-d9a8-428f-8f86-4d88be7b86bd/workspace/open/src/hotspot/share/classfile/systemDictionary.cpp, line 232]
Event: 0.315 Thread 0x00007fddcf000800 Exception <a 'java/io/FileNotFoundException'{0x0000000787ded400}> (0x0000000787ded400) 
thrown [/scratch/mesos/slaves/fcf4c0c4-d73e-4321-860c-6613427db92b-S2452/frameworks/1735e8a2-a1db-478c-8104-60c8b0af87dd-0196/executors/ab12d1f8-defd-4a26-b83a-82b67c14bc8d/runs/ad8904cf-d9a8-428f-8f86-4d88be7b86bd/workspace/open/src/hotspot/share/prims/jni.cpp, line 598]
Event: 0.323 Thread 0x00007fddcf000800 Exception <a 'java/io/FileNotFoundException'{0x0000000787c13d98}> (0x0000000787c13d98) 
thrown [/scratch/mesos/slaves/fcf4c0c4-d73e-4321-860c-6613427db92b-S2452/frameworks/1735e8a2-a1db-478c-8104-60c8b0af87dd-0196/executors/ab12d1f8-defd-4a26-b83a-82b67c14bc8d/runs/ad8904cf-d9a8-428f-8f86-4d88be7b86bd/workspace/open/src/hotspot/share/prims/jni.cpp, line 598]
Event: 0.334 Thread 0x00007fddcf000800 Exception <a 'java/lang/ClassNotFoundException'{0x0000000787c17778}: sun/awt/resources/spi/awtosxProvider> (0x0000000787c17778) 
thrown [/scratch/mesos/slaves/fcf4c0c4-d73e-4321-860c-6613427db92b-S2452/frameworks/1735e8a2-a1db-478c-8104-60c8b0af87dd-0196/executors/ab12d1f8-defd-4a26-b83a-82b67c14bc8d/runs/ad8904cf-d9a8-428f-8f86-4d88be7b86bd/workspace/open/src/hotspot/share/classfile/systemDictionary.cpp, line 232]
Event: 0.622 Thread 0x00007fddcf000800 Exception <a 'java/io/FileNotFoundException'{0x0000000787cc2f18}> (0x0000000787cc2f18) 
thrown [/scratch/mesos/slaves/fcf4c0c4-d73e-4321-860c-6613427db92b-S2452/frameworks/1735e8a2-a1db-478c-8104-60c8b0af87dd-0196/executors/ab12d1f8-defd-4a26-b83a-82b67c14bc8d/runs/ad8904cf-d9a8-428f-8f86-4d88be7b86bd/workspace/open/src/hotspot/share/prims/jni.cpp, line 598]

Events (20 events):
Event: 0.733 loading class jdk/internal/reflect/UnsafeQualifiedStaticIntegerFieldAccessorImpl
Event: 0.733 loading class jdk/internal/reflect/UnsafeQualifiedStaticIntegerFieldAccessorImpl done
Event: 0.737 loading class org/lwjgl/input/Keyboard$KeyEvent
Event: 0.737 loading class org/lwjgl/input/Keyboard$KeyEvent done
Event: 0.738 loading class org/lwjgl/opengl/MacOSXNativeKeyboard
Event: 0.738 loading class org/lwjgl/opengl/MacOSXNativeKeyboard done
Event: 0.740 loading class org/lwjgl/opengl/ContextGL
Event: 0.740 loading class org/lwjgl/opengl/ContextGL done
Event: 0.782 loading class org/lwjgl/opengl/ContextImplementation
Event: 0.782 loading class org/lwjgl/opengl/ContextImplementation done
Event: 0.783 loading class org/lwjgl/opengl/MacOSXContextImplementation
Event: 0.783 loading class org/lwjgl/opengl/MacOSXContextImplementation done
Event: 0.784 loading class org/lwjgl/opengl/GLContext
Event: 0.784 loading class org/lwjgl/opengl/GLContext done
Event: 0.785 loading class java/lang/NumberFormatException
Event: 0.785 loading class java/lang/NumberFormatException done
Event: 0.785 loading class org/lwjgl/opengl/GLContext$CapabilitiesCacheEntry
Event: 0.785 loading class org/lwjgl/opengl/GLContext$CapabilitiesCacheEntry done
Event: 0.809 loading class org/lwjgl/opengl/ContextCapabilities
Event: 0.809 loading class org/lwjgl/opengl/ContextCapabilities done


Dynamic libraries:
0x00007fff66914000 	/usr/lib/libz.1.dylib
0x000000010b07a000 	/Library/Java/JavaVirtualMachines/jdk-13.0.1.jdk/Contents/Home/lib/libjli.dylib
0x00007fff2ef63000 	/System/Library/Frameworks/Cocoa.framework/Versions/A/Cocoa
0x00007fff3c52f000 	/System/Library/Frameworks/Security.framework/Versions/A/Security
0x00007fff2deee000 	/System/Library/Frameworks/ApplicationServices.framework/Versions/A/ApplicationServices
0x00007fff643e7000 	/usr/lib/libSystem.B.dylib
0x00007fff6738a000 	/usr/lib/system/libcache.dylib
0x00007fff67390000 	/usr/lib/system/libcommonCrypto.dylib
0x00007fff6739c000 	/usr/lib/system/libcompiler_rt.dylib
0x00007fff673a4000 	/usr/lib/system/libcopyfile.dylib
0x00007fff673ae000 	/usr/lib/system/libcorecrypto.dylib
0x00007fff6755c000 	/usr/lib/system/libdispatch.dylib
0x00007fff6759e000 	/usr/lib/system/libdyld.dylib
0x00007fff675d4000 	/usr/lib/system/libkeymgr.dylib
0x00007fff675e2000 	/usr/lib/system/liblaunch.dylib
0x00007fff675e3000 	/usr/lib/system/libmacho.dylib
0x00007fff675e9000 	/usr/lib/system/libquarantine.dylib
0x00007fff675ec000 	/usr/lib/system/libremovefile.dylib
0x00007fff675ee000 	/usr/lib/system/libsystem_asl.dylib
0x00007fff67606000 	/usr/lib/system/libsystem_blocks.dylib
0x00007fff67607000 	/usr/lib/system/libsystem_c.dylib
0x00007fff6768f000 	/usr/lib/system/libsystem_configuration.dylib
0x00007fff67693000 	/usr/lib/system/libsystem_coreservices.dylib
0x00007fff67697000 	/usr/lib/system/libsystem_darwin.dylib
0x00007fff676a0000 	/usr/lib/system/libsystem_dnssd.dylib
0x00007fff676a8000 	/usr/lib/system/libsystem_featureflags.dylib
0x00007fff676aa000 	/usr/lib/system/libsystem_info.dylib
0x00007fff67725000 	/usr/lib/system/libsystem_m.dylib
0x00007fff6776d000 	/usr/lib/system/libsystem_malloc.dylib
0x00007fff67795000 	/usr/lib/system/libsystem_networkextension.dylib
0x00007fff677a3000 	/usr/lib/system/libsystem_notify.dylib
0x00007fff677c2000 	/usr/lib/system/libsystem_sandbox.dylib
0x00007fff677c7000 	/usr/lib/system/libsystem_secinit.dylib
0x00007fff676f8000 	/usr/lib/system/libsystem_kernel.dylib
0x00007fff677ad000 	/usr/lib/system/libsystem_platform.dylib
0x00007fff677b7000 	/usr/lib/system/libsystem_pthread.dylib
0x00007fff677ca000 	/usr/lib/system/libsystem_symptoms.dylib
0x00007fff677d2000 	/usr/lib/system/libsystem_trace.dylib
0x00007fff677ea000 	/usr/lib/system/libunwind.dylib
0x00007fff677f0000 	/usr/lib/system/libxpc.dylib
0x00007fff66238000 	/usr/lib/libobjc.A.dylib
0x00007fff64721000 	/usr/lib/libc++abi.dylib
0x00007fff646cd000 	/usr/lib/libc++.1.dylib
0x00007fff2fed9000 	/System/Library/Frameworks/CoreFoundation.framework/Versions/A/CoreFoundation
0x00007fff3259e000 	/System/Library/Frameworks/Foundation.framework/Versions/C/Foundation
0x00007fff2d0e3000 	/System/Library/Frameworks/AppKit.framework/Versions/C/AppKit
0x00007fff2f9e6000 	/System/Library/Frameworks/CoreData.framework/Versions/A/CoreData
0x00007fff60c92000 	/System/Library/PrivateFrameworks/UIFoundation.framework/Versions/A/UIFoundation
0x00007fff5b47d000 	/System/Library/PrivateFrameworks/RemoteViewServices.framework/Versions/A/RemoteViewServices
0x00007fff63722000 	/System/Library/PrivateFrameworks/XCTTargetBootstrap.framework/Versions/A/XCTTargetBootstrap
0x00007fff2fdc9000 	/System/Library/Frameworks/CoreDisplay.framework/Versions/A/CoreDisplay
0x00007fff35316000 	/System/Library/Frameworks/Metal.framework/Versions/A/Metal
0x00007fff4989e000 	/System/Library/PrivateFrameworks/DesktopServicesPriv.framework/Versions/A/DesktopServicesPriv
0x00007fff6551d000 	/usr/lib/liblangid.dylib
0x00007fff489f5000 	/System/Library/PrivateFrameworks/CoreSVG.framework/Versions/A/CoreSVG
0x00007fff5e23f000 	/System/Library/PrivateFrameworks/SkyLight.framework/Versions/A/SkyLight
0x00007fff3035b000 	/System/Library/Frameworks/CoreGraphics.framework/Versions/A/CoreGraphics
0x00007fff2bc82000 	/System/Library/Frameworks/Accelerate.framework/Versions/A/Accelerate
0x00007fff66805000 	/usr/lib/libxml2.2.dylib
0x00007fff545bc000 	/System/Library/PrivateFrameworks/IconServices.framework/Versions/A/IconServices
0x00007fff32d82000 	/System/Library/Frameworks/IOSurface.framework/Versions/A/IOSurface
0x00007fff63f1f000 	/usr/lib/libDiagnosticMessagesClient.dylib
0x00007fff49717000 	/System/Library/PrivateFrameworks/DFRFoundation.framework/Versions/A/DFRFoundation
0x00007fff652ab000 	/usr/lib/libicucore.A.dylib
0x00007fff2e220000 	/System/Library/Frameworks/AudioToolbox.framework/Versions/A/AudioToolbox
0x00007fff2e302000 	/System/Library/Frameworks/AudioUnit.framework/Versions/A/AudioUnit
0x00007fff645e8000 	/usr/lib/libauto.dylib
0x00007fff49798000 	/System/Library/PrivateFrameworks/DataDetectorsCore.framework/Versions/A/DataDetectorsCore
0x00007fff2ea83000 	/System/Library/Frameworks/Carbon.framework/Versions/A/Frameworks/HIToolbox.framework/Versions/A/HIToolbox
0x00007fff3b761000 	/System/Library/Frameworks/QuartzCore.framework/Versions/A/QuartzCore
0x00007fff2edc2000 	/System/Library/Frameworks/Carbon.framework/Versions/A/Frameworks/SpeechRecognition.framework/Versions/A/SpeechRecognition
0x00007fff4909d000 	/System/Library/PrivateFrameworks/CoreUI.framework/Versions/A/CoreUI
0x00007fff2f44c000 	/System/Library/Frameworks/CoreAudio.framework/Versions/A/CoreAudio
0x00007fff32266000 	/System/Library/Frameworks/DiskArbitration.framework/Versions/A/DiskArbitration
0x00007fff565d0000 	/System/Library/PrivateFrameworks/MultitouchSupport.framework/Versions/A/MultitouchSupport
0x00007fff65171000 	/usr/lib/libenergytrace.dylib
0x00007fff32cdd000 	/System/Library/Frameworks/IOKit.framework/Versions/A/IOKit
0x00007fff312c9000 	/System/Library/Frameworks/CoreServices.framework/Versions/A/CoreServices
0x00007fff586da000 	/System/Library/PrivateFrameworks/PerformanceAnalysis.framework/Versions/A/PerformanceAnalysis
0x00007fff3a797000 	/System/Library/Frameworks/OpenGL.framework/Versions/A/OpenGL
0x00007fff2ef71000 	/System/Library/Frameworks/ColorSync.framework/Versions/A/ColorSync
0x00007fff309e2000 	/System/Library/Frameworks/CoreImage.framework/Versions/A/CoreImage
0x00007fff31d3f000 	/System/Library/Frameworks/CoreText.framework/Versions/A/CoreText
0x00007fff32e08000 	/System/Library/Frameworks/ImageIO.framework/Versions/A/ImageIO
0x00007fff64749000 	/usr/lib/libcompression.dylib
0x00007fff64261000 	/usr/lib/libMobileGestalt.dylib
0x00007fff5fd74000 	/System/Library/PrivateFrameworks/TextureIO.framework/Versions/A/TextureIO
0x00007fff6454e000 	/usr/lib/libate.dylib
0x00007fff547c5000 	/System/Library/PrivateFrameworks/InternationalSupport.framework/Versions/A/InternationalSupport
0x00007fff6551f000 	/usr/lib/liblzma.5.dylib
0x00007fff65199000 	/usr/lib/libfakelink.dylib
0x00007fff644db000 	/usr/lib/libarchive.2.dylib
0x00007fff3d6cf000 	/System/Library/Frameworks/SystemConfiguration.framework/Versions/A/SystemConfiguration
0x00007fff63e50000 	/usr/lib/libCRFSuite.dylib
0x00007fff2e678000 	/System/Library/Frameworks/CFNetwork.framework/Versions/A/CFNetwork
0x00007fff646af000 	/usr/lib/libbsm.0.dylib
0x00007fff675d5000 	/usr/lib/system/libkxld.dylib
0x00007fff431d9000 	/System/Library/PrivateFrameworks/AppleFSCompression.framework/Versions/A/AppleFSCompression
0x00007fff64a30000 	/usr/lib/libcoretls.dylib
0x00007fff64a47000 	/usr/lib/libcoretls_cfhelpers.dylib
0x00007fff6627c000 	/usr/lib/libpam.2.dylib
0x00007fff663af000 	/usr/lib/libsqlite3.dylib
0x00007fff667f2000 	/usr/lib/libxar.1.dylib
0x00007fff646c0000 	/usr/lib/libbz2.1.0.dylib
0x00007fff651ba000 	/usr/lib/libiconv.2.dylib
0x00007fff64736000 	/usr/lib/libcharset.1.dylib
0x00007fff65d23000 	/usr/lib/libnetwork.dylib
0x00007fff66283000 	/usr/lib/libpcap.A.dylib
0x00007fff64490000 	/usr/lib/libapple_nghttp2.dylib
0x00007fff31680000 	/System/Library/Frameworks/CoreServices.framework/Versions/A/Frameworks/FSEvents.framework/Versions/A/FSEvents
0x00007fff31350000 	/System/Library/Frameworks/CoreServices.framework/Versions/A/Frameworks/CarbonCore.framework/Versions/A/CarbonCore
0x00007fff318c3000 	/System/Library/Frameworks/CoreServices.framework/Versions/A/Frameworks/Metadata.framework/Versions/A/Metadata
0x00007fff3195c000 	/System/Library/Frameworks/CoreServices.framework/Versions/A/Frameworks/OSServices.framework/Versions/A/OSServices
0x00007fff3198a000 	/System/Library/Frameworks/CoreServices.framework/Versions/A/Frameworks/SearchKit.framework/Versions/A/SearchKit
0x00007fff312ca000 	/System/Library/Frameworks/CoreServices.framework/Versions/A/Frameworks/AE.framework/Versions/A/AE
0x00007fff31689000 	/System/Library/Frameworks/CoreServices.framework/Versions/A/Frameworks/LaunchServices.framework/Versions/A/LaunchServices
0x00007fff31632000 	/System/Library/Frameworks/CoreServices.framework/Versions/A/Frameworks/DictionaryServices.framework/Versions/A/DictionaryServices
0x00007fff319f2000 	/System/Library/Frameworks/CoreServices.framework/Versions/A/Frameworks/SharedFileList.framework/Versions/A/SharedFileList
0x00007fff365eb000 	/System/Library/Frameworks/NetFS.framework/Versions/A/NetFS
0x00007fff56afd000 	/System/Library/PrivateFrameworks/NetAuth.framework/Versions/A/NetAuth
0x00007fff63aed000 	/System/Library/PrivateFrameworks/login.framework/Versions/A/Frameworks/loginsupport.framework/Versions/A/loginsupport
0x00007fff5f86f000 	/System/Library/PrivateFrameworks/TCC.framework/Versions/A/TCC
0x00007fff47dc4000 	/System/Library/PrivateFrameworks/CoreNLP.framework/Versions/A/CoreNLP
0x00007fff56000000 	/System/Library/PrivateFrameworks/MetadataUtilities.framework/Versions/A/MetadataUtilities
0x00007fff655f7000 	/usr/lib/libmecabra.dylib
0x00007fff6554f000 	/usr/lib/libmecab.dylib
0x00007fff651aa000 	/usr/lib/libgermantok.dylib
0x00007fff64477000 	/usr/lib/libThaiTokenizer.dylib
0x00007fff63e88000 	/usr/lib/libChineseTokenizer.dylib
0x00007fff2bc9a000 	/System/Library/Frameworks/Accelerate.framework/Versions/A/Frameworks/vImage.framework/Versions/A/vImage
0x00007fff2cf3d000 	/System/Library/Frameworks/Accelerate.framework/Versions/A/Frameworks/vecLib.framework/Versions/A/vecLib
0x00007fff2ce81000 	/System/Library/Frameworks/Accelerate.framework/Versions/A/Frameworks/vecLib.framework/Versions/A/libvMisc.dylib
0x00007fff2cca7000 	/System/Library/Frameworks/Accelerate.framework/Versions/A/Frameworks/vecLib.framework/Versions/A/libvDSP.dylib
0x00007fff2c306000 	/System/Library/Frameworks/Accelerate.framework/Versions/A/Frameworks/vecLib.framework/Versions/A/libBLAS.dylib
0x00007fff2c861000 	/System/Library/Frameworks/Accelerate.framework/Versions/A/Frameworks/vecLib.framework/Versions/A/libLAPACK.dylib
0x00007fff2cc07000 	/System/Library/Frameworks/Accelerate.framework/Versions/A/Frameworks/vecLib.framework/Versions/A/libLinearAlgebra.dylib
0x00007fff2cc94000 	/System/Library/Frameworks/Accelerate.framework/Versions/A/Frameworks/vecLib.framework/Versions/A/libSparseBLAS.dylib
0x00007fff2cc1d000 	/System/Library/Frameworks/Accelerate.framework/Versions/A/Frameworks/vecLib.framework/Versions/A/libQuadrature.dylib
0x00007fff2c570000 	/System/Library/Frameworks/Accelerate.framework/Versions/A/Frameworks/vecLib.framework/Versions/A/libBNNS.dylib
0x00007fff2cc23000 	/System/Library/Frameworks/Accelerate.framework/Versions/A/Frameworks/vecLib.framework/Versions/A/libSparse.dylib
0x00007fff54b84000 	/System/Library/PrivateFrameworks/LanguageModeling.framework/Versions/A/LanguageModeling
0x00007fff47760000 	/System/Library/PrivateFrameworks/CoreEmoji.framework/Versions/A/CoreEmoji
0x00007fff54ca2000 	/System/Library/PrivateFrameworks/LinguisticData.framework/Versions/A/LinguisticData
0x00007fff54c53000 	/System/Library/PrivateFrameworks/Lexicon.framework/Versions/A/Lexicon
0x00007fff64737000 	/usr/lib/libcmph.dylib
0x00007fff391bd000 	/System/Library/Frameworks/OpenDirectory.framework/Versions/A/Frameworks/CFOpenDirectory.framework/Versions/A/CFOpenDirectory
0x00007fff391da000 	/System/Library/Frameworks/OpenDirectory.framework/Versions/A/OpenDirectory
0x00007fff414a8000 	/System/Library/PrivateFrameworks/APFS.framework/Versions/A/APFS
0x00007fff3c882000 	/System/Library/Frameworks/SecurityFoundation.framework/Versions/A/SecurityFoundation
0x00007fff667ee000 	/usr/lib/libutil.dylib
0x00007fff48a4d000 	/System/Library/PrivateFrameworks/CoreServicesStore.framework/Versions/A/CoreServicesStore
0x00007fff3c93a000 	/System/Library/Frameworks/ServiceManagement.framework/Versions/A/ServiceManagement
0x00007fff44990000 	/System/Library/PrivateFrameworks/BackgroundTaskManagement.framework/Versions/A/BackgroundTaskManagement
0x00007fff668eb000 	/usr/lib/libxslt.1.dylib
0x00007fff4383e000 	/System/Library/PrivateFrameworks/AppleSystemInfo.framework/Versions/A/AppleSystemInfo
0x00007fff33025000 	/System/Library/Frameworks/ImageIO.framework/Versions/A/Resources/libJPEG.dylib
0x00007fff332e4000 	/System/Library/Frameworks/ImageIO.framework/Versions/A/Resources/libTIFF.dylib
0x00007fff332c7000 	/System/Library/Frameworks/ImageIO.framework/Versions/A/Resources/libPng.dylib
0x00007fff32f66000 	/System/Library/Frameworks/ImageIO.framework/Versions/A/Resources/libGIF.dylib
0x00007fff32f6a000 	/System/Library/Frameworks/ImageIO.framework/Versions/A/Resources/libJP2.dylib
0x00007fff332e2000 	/System/Library/Frameworks/ImageIO.framework/Versions/A/Resources/libRadiance.dylib
0x00007fff65172000 	/usr/lib/libexpat.1.dylib
0x00007fff43334000 	/System/Library/PrivateFrameworks/AppleJPEG.framework/Versions/A/AppleJPEG
0x00007fff4bcba000 	/System/Library/PrivateFrameworks/FontServices.framework/libFontParser.dylib
0x00007fff62b44000 	/System/Library/PrivateFrameworks/WatchdogClient.framework/Versions/A/WatchdogClient
0x00007fff54211000 	/System/Library/PrivateFrameworks/IOAccelerator.framework/Versions/A/IOAccelerator
0x00007fff356a4000 	/System/Library/Frameworks/MetalPerformanceShaders.framework/Versions/A/MetalPerformanceShaders
0x00007fff50a08000 	/System/Library/PrivateFrameworks/GPUWrangler.framework/Versions/A/GPUWrangler
0x00007fff5421c000 	/System/Library/PrivateFrameworks/IOPresentment.framework/Versions/A/IOPresentment
0x00007fff4972a000 	/System/Library/PrivateFrameworks/DSExternalDisplay.framework/Versions/A/DSExternalDisplay
0x00007fff39b43000 	/System/Library/Frameworks/OpenGL.framework/Versions/A/Libraries/libCoreFSCache.dylib
0x00007fff353f6000 	/System/Library/Frameworks/MetalPerformanceShaders.framework/Frameworks/MPSCore.framework/Versions/A/MPSCore
0x00007fff35433000 	/System/Library/Frameworks/MetalPerformanceShaders.framework/Frameworks/MPSImage.framework/Versions/A/MPSImage
0x00007fff354f5000 	/System/Library/Frameworks/MetalPerformanceShaders.framework/Frameworks/MPSNeuralNetwork.framework/Versions/A/MPSNeuralNetwork
0x00007fff354ba000 	/System/Library/Frameworks/MetalPerformanceShaders.framework/Frameworks/MPSMatrix.framework/Versions/A/MPSMatrix
0x00007fff35655000 	/System/Library/Frameworks/MetalPerformanceShaders.framework/Frameworks/MPSRayIntersector.framework/Versions/A/MPSRayIntersector
0x00007fff354df000 	/System/Library/Frameworks/MetalPerformanceShaders.framework/Frameworks/MPSNDArray.framework/Versions/A/MPSNDArray
0x00007fff5604d000 	/System/Library/PrivateFrameworks/MetalTools.framework/Versions/A/MetalTools
0x00007fff4265f000 	/System/Library/PrivateFrameworks/AggregateDictionary.framework/Versions/A/AggregateDictionary
0x00007fff471ea000 	/System/Library/PrivateFrameworks/CoreAnalytics.framework/Versions/A/CoreAnalytics
0x00007fff4375c000 	/System/Library/PrivateFrameworks/AppleSauce.framework/Versions/A/AppleSauce
0x00007fff64144000 	/usr/lib/libIOReport.dylib
0x00007fff31ef4000 	/System/Library/Frameworks/CoreVideo.framework/Versions/A/CoreVideo
0x00007fff51e74000 	/System/Library/PrivateFrameworks/GraphVisualizer.framework/Versions/A/GraphVisualizer
0x00007fff4b23b000 	/System/Library/PrivateFrameworks/FaceCore.framework/Versions/A/FaceCore
0x00007fff39164000 	/System/Library/Frameworks/OpenCL.framework/Versions/A/OpenCL
0x00007fff63f66000 	/usr/lib/libFosl_dynamic.dylib
0x00007fff574f8000 	/System/Library/PrivateFrameworks/OTSVG.framework/Versions/A/OTSVG
0x00007fff2dff3000 	/System/Library/Frameworks/ApplicationServices.framework/Versions/A/Frameworks/ATS.framework/Versions/A/Resources/libFontRegistry.dylib
0x00007fff4be8b000 	/System/Library/PrivateFrameworks/FontServices.framework/libhvf.dylib
0x00007fff39b4e000 	/System/Library/Frameworks/OpenGL.framework/Versions/A/Libraries/libGFXShared.dylib
0x00007fff39d2b000 	/System/Library/Frameworks/OpenGL.framework/Versions/A/Libraries/libGLU.dylib
0x00007fff39b57000 	/System/Library/Frameworks/OpenGL.framework/Versions/A/Libraries/libGL.dylib
0x00007fff39b62000 	/System/Library/Frameworks/OpenGL.framework/Versions/A/Libraries/libGLImage.dylib
0x00007fff39b40000 	/System/Library/Frameworks/OpenGL.framework/Versions/A/Libraries/libCVMSPluginSupport.dylib
0x00007fff39b49000 	/System/Library/Frameworks/OpenGL.framework/Versions/A/Libraries/libCoreVMClient.dylib
0x00007fff65bc5000 	/usr/lib/libncurses.5.4.dylib
0x00007fff2deef000 	/System/Library/Frameworks/ApplicationServices.framework/Versions/A/Frameworks/ATS.framework/Versions/A/ATS
0x00007fff2e0bc000 	/System/Library/Frameworks/ApplicationServices.framework/Versions/A/Frameworks/ColorSyncLegacy.framework/Versions/A/ColorSyncLegacy
0x00007fff2e15b000 	/System/Library/Frameworks/ApplicationServices.framework/Versions/A/Frameworks/HIServices.framework/Versions/A/HIServices
0x00007fff2e1b2000 	/System/Library/Frameworks/ApplicationServices.framework/Versions/A/Frameworks/LangAnalysis.framework/Versions/A/LangAnalysis
0x00007fff2e1c1000 	/System/Library/Frameworks/ApplicationServices.framework/Versions/A/Frameworks/PrintCore.framework/Versions/A/PrintCore
0x00007fff2e207000 	/System/Library/Frameworks/ApplicationServices.framework/Versions/A/Frameworks/QD.framework/Versions/A/QD
0x00007fff2e212000 	/System/Library/Frameworks/ApplicationServices.framework/Versions/A/Frameworks/SpeechSynthesis.framework/Versions/A/SpeechSynthesis
0x00007fff2e08c000 	/System/Library/Frameworks/ApplicationServices.framework/Versions/A/Frameworks/ATSUI.framework/Versions/A/ATSUI
0x00007fff65006000 	/usr/lib/libcups.2.dylib
0x00007fff34753000 	/System/Library/Frameworks/Kerberos.framework/Versions/A/Kerberos
0x00007fff329d3000 	/System/Library/Frameworks/GSS.framework/Versions/A/GSS
0x00007fff6633b000 	/usr/lib/libresolv.9.dylib
0x00007fff52015000 	/System/Library/PrivateFrameworks/Heimdal.framework/Versions/A/Heimdal
0x00007fff34766000 	/System/Library/Frameworks/Kerberos.framework/Versions/A/Libraries/libHeimdalProxy.dylib
0x00007fff651b0000 	/usr/lib/libheimdal-asn1.dylib
0x00007fff46690000 	/System/Library/PrivateFrameworks/CommonAuth.framework/Versions/A/CommonAuth
0x00007fff438db000 	/System/Library/PrivateFrameworks/AssertionServices.framework/Versions/A/AssertionServices
0x00007fff4447e000 	/System/Library/PrivateFrameworks/AudioToolboxCore.framework/Versions/A/AudioToolboxCore
0x00007fff6379e000 	/System/Library/PrivateFrameworks/caulk.framework/Versions/A/caulk
0x00007fff44a3c000 	/System/Library/PrivateFrameworks/BaseBoard.framework/Versions/A/BaseBoard
0x00007fff5b60c000 	/System/Library/PrivateFrameworks/RunningBoardServices.framework/Versions/A/RunningBoardServices
0x00007fff586e6000 	/System/Library/PrivateFrameworks/PersistentConnection.framework/Versions/A/PersistentConnection
0x00007fff5b05b000 	/System/Library/PrivateFrameworks/ProtocolBuffer.framework/Versions/A/ProtocolBuffer
0x00007fff466b5000 	/System/Library/PrivateFrameworks/CommonUtilities.framework/Versions/A/CommonUtilities
0x00007fff44bbf000 	/System/Library/PrivateFrameworks/Bom.framework/Versions/A/Bom
0x00007fff63e13000 	/usr/lib/libAudioToolboxUtility.dylib
0x00007fff4499a000 	/System/Library/PrivateFrameworks/Backup.framework/Versions/A/Backup
0x00007fff4949a000 	/System/Library/PrivateFrameworks/CrashReporterSupport.framework/Versions/A/CrashReporterSupport
0x00007fff5d103000 	/System/Library/PrivateFrameworks/Sharing.framework/Versions/A/Sharing
0x00007fff4307f000 	/System/Library/PrivateFrameworks/Apple80211.framework/Versions/A/Apple80211
0x00007fff446bc000 	/System/Library/PrivateFrameworks/AuthKit.framework/Versions/A/AuthKit
0x00007fff491ca000 	/System/Library/PrivateFrameworks/CoreUtils.framework/Versions/A/CoreUtils
0x00007fff31f39000 	/System/Library/Frameworks/CoreWLAN.framework/Versions/A/CoreWLAN
0x00007fff32b5e000 	/System/Library/Frameworks/IOBluetooth.framework/Versions/A/IOBluetooth
0x00007fff5634b000 	/System/Library/PrivateFrameworks/MobileKeyBag.framework/Versions/A/MobileKeyBag
0x00007fff482a0000 	/System/Library/PrivateFrameworks/CorePhoneNumbers.framework/Versions/A/CorePhoneNumbers
0x00007fff432e7000 	/System/Library/PrivateFrameworks/AppleIDAuthSupport.framework/Versions/A/AppleIDAuthSupport
0x00007fff365f8000 	/System/Library/Frameworks/Network.framework/Versions/A/Network
0x00007fff54a0c000 	/System/Library/PrivateFrameworks/KeychainCircle.framework/Versions/A/KeychainCircle
0x00007fff2f9ae000 	/System/Library/Frameworks/CoreBluetooth.framework/Versions/A/CoreBluetooth
0x00007fff5ed7f000 	/System/Library/PrivateFrameworks/SpeechRecognitionCore.framework/Versions/A/SpeechRecognitionCore
0x000000010ba00000 	/Library/Java/JavaVirtualMachines/jdk-13.0.1.jdk/Contents/Home/lib/server/libjvm.dylib
0x000000010b098000 	/Library/Java/JavaVirtualMachines/jdk-13.0.1.jdk/Contents/Home/lib/libverify.dylib
0x000000010b0a4000 	/Library/Java/JavaVirtualMachines/jdk-13.0.1.jdk/Contents/Home/lib/libjava.dylib
0x000000010b0e2000 	/Library/Java/JavaVirtualMachines/jdk-13.0.1.jdk/Contents/Home/lib/libinstrument.dylib
0x000000010b165000 	/Library/Java/JavaVirtualMachines/jdk-13.0.1.jdk/Contents/Home/lib/libzip.dylib
0x000000010b16c000 	/Library/Java/JavaVirtualMachines/jdk-13.0.1.jdk/Contents/Home/lib/libjimage.dylib
0x000000010dfa6000 	/Library/Java/JavaVirtualMachines/jdk-13.0.1.jdk/Contents/Home/lib/libnio.dylib
0x000000010dfb4000 	/Library/Java/JavaVirtualMachines/jdk-13.0.1.jdk/Contents/Home/lib/libnet.dylib
0x000000010e04f000 	/Library/Java/JavaVirtualMachines/jdk-13.0.1.jdk/Contents/Home/lib/libextnet.dylib
0x000000010e052000 	/Library/Java/JavaVirtualMachines/jdk-13.0.1.jdk/Contents/Home/lib/libawt.dylib
0x000000010e0e8000 	/Library/Java/JavaVirtualMachines/jdk-13.0.1.jdk/Contents/Home/lib/libmlib_image.dylib
0x00007fff3473c000 	/System/Library/Frameworks/JavaVM.framework/Versions/A/Frameworks/JavaNativeFoundation.framework/Versions/A/JavaNativeFoundation
0x00007fff34745000 	/System/Library/Frameworks/JavaVM.framework/Versions/A/Frameworks/JavaRuntimeSupport.framework/Versions/A/JavaRuntimeSupport
0x00007fff3474e000 	/System/Library/Frameworks/JavaVM.framework/Versions/A/JavaVM
0x00007fff5486f000 	/System/Library/PrivateFrameworks/JavaLaunching.framework/Versions/A/JavaLaunching
0x00007fff2ea7e000 	/System/Library/Frameworks/Carbon.framework/Versions/A/Carbon
0x00007fff48f7e000 	/System/Library/PrivateFrameworks/CoreSymbolication.framework/Versions/A/CoreSymbolication
0x00007fff2ea7f000 	/System/Library/Frameworks/Carbon.framework/Versions/A/Frameworks/CommonPanels.framework/Versions/A/CommonPanels
0x00007fff2ed78000 	/System/Library/Frameworks/Carbon.framework/Versions/A/Frameworks/Help.framework/Versions/A/Help
0x00007fff2ed7c000 	/System/Library/Frameworks/Carbon.framework/Versions/A/Frameworks/ImageCapture.framework/Versions/A/ImageCapture
0x00007fff2ed83000 	/System/Library/Frameworks/Carbon.framework/Versions/A/Frameworks/OpenScripting.framework/Versions/A/OpenScripting
0x00007fff2ed82000 	/System/Library/Frameworks/Carbon.framework/Versions/A/Frameworks/Ink.framework/Versions/A/Ink
0x00007fff2edbe000 	/System/Library/Frameworks/Carbon.framework/Versions/A/Frameworks/Print.framework/Versions/A/Print
0x00007fff2edbf000 	/System/Library/Frameworks/Carbon.framework/Versions/A/Frameworks/SecurityHI.framework/Versions/A/SecurityHI
0x00007fff4985f000 	/System/Library/PrivateFrameworks/DebugSymbols.framework/Versions/A/DebugSymbols
0x000000010e14e000 	/Library/Java/JavaVirtualMachines/jdk-13.0.1.jdk/Contents/Home/lib/libawt_lwawt.dylib
0x000000010e1f8000 	/Library/Java/JavaVirtualMachines/jdk-13.0.1.jdk/Contents/Home/lib/libosxapp.dylib
0x00007fff32441000 	/System/Library/Frameworks/ExceptionHandling.framework/Versions/A/ExceptionHandling
0x000000012dc39000 	/Library/Java/JavaVirtualMachines/jdk-13.0.1.jdk/Contents/Home/lib/libfontmanager.dylib
0x000000010e213000 	/Library/Java/JavaVirtualMachines/jdk-13.0.1.jdk/Contents/Home/lib/libfreetype.dylib
0x00007fff48a19000 	/System/Library/PrivateFrameworks/CoreServicesInternal.framework/Versions/A/CoreServicesInternal
0x00007fff32460000 	/System/Library/Frameworks/FileProvider.framework/Versions/A/FileProvider
0x00007fff2cf3e000 	/System/Library/Frameworks/Accounts.framework/Versions/A/Accounts
0x00007fff50d2a000 	/System/Library/PrivateFrameworks/GenerationalStorage.framework/Versions/A/GenerationalStorage
0x00007fff5f5b0000 	/System/Library/PrivateFrameworks/SymptomDiagnosticReporter.framework/Versions/A/SymptomDiagnosticReporter
0x00007fff42b70000 	/System/Library/PrivateFrameworks/AppContainer.framework/Versions/A/AppContainer
0x00007fff66355000 	/usr/lib/libsandbox.1.dylib
0x00007fff61ae0000 	/System/Library/PrivateFrameworks/UserManagement.framework/Versions/A/UserManagement
0x00007fff45781000 	/System/Library/PrivateFrameworks/ChunkingLibrary.framework/Versions/A/ChunkingLibrary
0x00007fff42be2000 	/System/Library/PrivateFrameworks/AppSandbox.framework/Versions/A/AppSandbox
0x00007fff5cf8d000 	/System/Library/PrivateFrameworks/SecCodeWrapper.framework/Versions/A/SecCodeWrapper
0x00007fff6422a000 	/usr/lib/libMatch.1.dylib
0x00007fff2455e000 	/System/Library/CoreServices/RawCamera.bundle/Contents/MacOS/RawCamera
0x00007fff56175000 	/System/Library/PrivateFrameworks/MobileAsset.framework/Versions/A/MobileAsset
0x00007fff5f45e000 	/System/Library/PrivateFrameworks/StreamingZip.framework/Versions/A/StreamingZip
0x00007fff34bcf000 	/System/Library/Frameworks/MediaToolbox.framework/Versions/A/MediaToolbox
0x00007fff47199000 	/System/Library/PrivateFrameworks/CoreAVCHD.framework/Versions/A/CoreAVCHD
0x00007fff34af9000 	/System/Library/Frameworks/MediaAccessibility.framework/Versions/A/MediaAccessibility
0x00007fff55540000 	/System/Library/PrivateFrameworks/Mangrove.framework/Versions/A/Mangrove
0x00007fff31103000 	/System/Library/Frameworks/CoreMedia.framework/Versions/A/CoreMedia
0x00007fff557ac000 	/System/Library/PrivateFrameworks/MediaExperience.framework/Versions/A/MediaExperience
0x00007fff3d9b5000 	/System/Library/Frameworks/VideoToolbox.framework/Versions/A/VideoToolbox
0x00007fff46dc3000 	/System/Library/PrivateFrameworks/CoreAUC.framework/Versions/A/CoreAUC
0x00007fff663ad000 	/usr/lib/libspindump.dylib
0x00007fff43e29000 	/System/Library/PrivateFrameworks/AudioResourceArbitration.framework/Versions/A/AudioResourceArbitration
0x00007fff43842000 	/System/Library/PrivateFrameworks/AppleVA.framework/Versions/A/AppleVA
0x00007fff2bc83000 	/System/Library/Frameworks/Accelerate.framework/Versions/A/Frameworks/vImage.framework/Versions/A/Libraries/libCGInterfaces.dylib
0x000000012f3b3000 	/usr/lib/libobjc-trampolines.dylib
0x00007fff4bdf2000 	/System/Library/PrivateFrameworks/FontServices.framework/libTrueTypeScaler.dylib
0x00007fff28ba7000 	/System/Library/Extensions/AppleIntelKBLGraphicsMTLDriver.bundle/Contents/MacOS/AppleIntelKBLGraphicsMTLDriver
0x00007fff4f360000 	/System/Library/PrivateFrameworks/GPUCompiler.framework/Versions/3902/Libraries/libmetal_timestamp.dylib
0x00007fff628b4000 	/System/Library/PrivateFrameworks/ViewBridge.framework/Versions/A/ViewBridge
0x000000013008a000 	/Users/RomanCLV/Documents/GitHub/Java/Java_Chess/Chess/lib/liblwjgl.jnilib
0x000000012fb7a000 	/Library/Java/JavaVirtualMachines/jdk-13.0.1.jdk/Contents/Home/lib/libjawt.dylib
0x00007fff3a7a7000 	/System/Library/Frameworks/OpenGL.framework/Versions/A/Resources/GLEngine.bundle/GLEngine
0x00007fff39b98000 	/System/Library/Frameworks/OpenGL.framework/Versions/A/Libraries/libGLProgrammability.dylib
0x00007fff27d7e000 	/System/Library/Extensions/AppleIntelKBLGraphicsGLDriver.bundle/Contents/MacOS/AppleIntelKBLGraphicsGLDriver
0x00007fff509fc000 	/System/Library/PrivateFrameworks/GPUSupport.framework/Versions/A/Libraries/libGPUSupportMercury.dylib
0x00007fff3a921000 	/System/Library/Frameworks/OpenGL.framework/Versions/A/Resources/GLRendererFloat.bundle/GLRendererFloat
0x00007fff3915b000 	/System/Library/Frameworks/OpenCL.framework/Versions/A/Libraries/libcldcpuengine.dylib
0x00007fff64beb000 	/usr/lib/libcrypto.35.dylib
0x00007fff5ffb8000 	/System/Library/PrivateFrameworks/TrustEvaluationAgent.framework/Versions/A/TrustEvaluationAgent
0x00007fff63af0000 	/System/Library/PrivateFrameworks/login.framework/Versions/A/login


VM Arguments:
jvm_args: -Djava.library.path=lib -javaagent:/Applications/IntelliJ IDEA.app/Contents/lib/idea_rt.jar=54352:/Applications/IntelliJ IDEA.app/Contents/bin -Dfile.encoding=UTF-8 
java_command: fr.rphstudio.chess.launcher.MainLauncher
java_class_path (initial): /Users/RomanCLV/Documents/GitHub/Java/Java_Chess/Chess/target/classes:/Users/RomanCLV/.m2/repository/org/slick2d/slick2d-core/1.0.0/slick2d-core-1.0.0.jar:/Users/RomanCLV/.m2/repository/org/lwjgl/lwjgl/lwjgl/2.9.0/lwjgl-2.9.0.jar:/Users/RomanCLV/.m2/repository/org/lwjgl/lwjgl/lwjgl-platform/2.9.0/lwjgl-platform-2.9.0-natives-windows.jar:/Users/RomanCLV/.m2/repository/org/lwjgl/lwjgl/lwjgl-platform/2.9.0/lwjgl-platform-2.9.0-natives-linux.jar:/Users/RomanCLV/.m2/repository/org/lwjgl/lwjgl/lwjgl-platform/2.9.0/lwjgl-platform-2.9.0-natives-osx.jar:/Users/RomanCLV/.m2/repository/net/java/jinput/jinput/2.0.5/jinput-2.0.5.jar:/Users/RomanCLV/.m2/repository/net/java/jutils/jutils/1.0.0/jutils-1.0.0.jar:/Users/RomanCLV/.m2/repository/net/java/jinput/jinput-platform/2.0.5/jinput-platform-2.0.5-natives-linux.jar:/Users/RomanCLV/.m2/repository/net/java/jinput/jinput-platform/2.0.5/jinput-platform-2.0.5-natives-windows.jar:/Users/RomanCLV/.m2/repository/net/java/jinput/jinput-platform/2.0.5/jinput-platform-2.0.5-natives-osx.jar:/Users/RomanCLV/.m2/repository/org/jcraft/jorbis/0.0.17/jorbis-0.0.17.jar:/Users/RomanCLV/.m2/repository/org/dyn4j/dyn4j/3.2.3/dyn4j-3.2.3.jar:/Users/RomanCLV/.m2/repository/org/jetbrains/annotations/18.0.0/annotations-18.0.0.jar
Launcher Type: SUN_STANDARD

[Global flags]
     intx CICompilerCount                          = 3                                         {product} {ergonomic}
     uint ConcGCThreads                            = 1                                         {product} {ergonomic}
     uint G1ConcRefinementThreads                  = 4                                         {product} {ergonomic}
   size_t G1HeapRegionSize                         = 1048576                                   {product} {ergonomic}
    uintx GCDrainStackTargetSize                   = 64                                        {product} {ergonomic}
   size_t InitialHeapSize                          = 134217728                                 {product} {ergonomic}
   size_t MarkStackSize                            = 4194304                                   {product} {ergonomic}
   size_t MaxHeapSize                              = 2147483648                                {product} {ergonomic}
   size_t MaxNewSize                               = 1287651328                                {product} {ergonomic}
   size_t MinHeapDeltaBytes                        = 1048576                                   {product} {ergonomic}
   size_t MinHeapSize                              = 8388608                                   {product} {ergonomic}
    uintx NonNMethodCodeHeapSize                   = 5830732                                {pd product} {ergonomic}
    uintx NonProfiledCodeHeapSize                  = 122913754                              {pd product} {ergonomic}
    uintx ProfiledCodeHeapSize                     = 122913754                              {pd product} {ergonomic}
    uintx ReservedCodeCacheSize                    = 251658240                              {pd product} {ergonomic}
     bool SegmentedCodeCache                       = true                                      {product} {ergonomic}
   size_t SoftMaxHeapSize                          = 2147483648                             {manageable} {ergonomic}
     bool UseCompressedClassPointers               = true                                 {lp64_product} {ergonomic}
     bool UseCompressedOops                        = true                                 {lp64_product} {ergonomic}
     bool UseG1GC                                  = true                                      {product} {ergonomic}

Logging:
Log output configuration:
 #0: stdout all=warning uptime,level,tags
 #1: stderr all=off uptime,level,tags

Environment Variables:
PATH=/usr/local/bin:/usr/bin:/bin:/usr/sbin:/sbin:/usr/local/share/dotnet:/opt/X11/bin:~/.dotnet/tools:/Library/Frameworks/Mono.framework/Versions/Current/Commands:/Applications/Wireshark.app/Contents/MacOS:/Applications/Xamarin Workbooks.app/Contents/SharedSupport/path-bin
SHELL=/bin/zsh
DISPLAY=/private/tmp/com.apple.launchd.1d85XwqHpg/org.macosforge.xquartz:0

Signal Handlers:
SIGSEGV: [libjvm.dylib+0x781570], sa_mask[0]=11111111011111110111111111111111, sa_flags=SA_ONSTACK|SA_RESTART|SA_SIGINFO
SIGBUS: [libjvm.dylib+0x781570], sa_mask[0]=11111111011111110111111111111111, sa_flags=SA_RESTART|SA_SIGINFO
SIGFPE: [libjvm.dylib+0x781570], sa_mask[0]=11111111011111110111111111111111, sa_flags=SA_RESTART|SA_SIGINFO
SIGPIPE: [libjvm.dylib+0x627f75], sa_mask[0]=11111111011111110111111111111111, sa_flags=SA_RESTART|SA_SIGINFO
SIGXFSZ: [libjvm.dylib+0x627f75], sa_mask[0]=11111111011111110111111111111111, sa_flags=SA_RESTART|SA_SIGINFO
SIGILL: [libjvm.dylib+0x781570], sa_mask[0]=11111111011111110111111111111111, sa_flags=SA_RESTART|SA_SIGINFO
SIGUSR2: [libjvm.dylib+0x62855f], sa_mask[0]=00100000000000000000000000000000, sa_flags=SA_RESTART|SA_SIGINFO
SIGHUP: [libjvm.dylib+0x62754d], sa_mask[0]=11111111011111110111111111111111, sa_flags=SA_RESTART|SA_SIGINFO
SIGINT: [libjvm.dylib+0x62754d], sa_mask[0]=11111111011111110111111111111111, sa_flags=SA_RESTART|SA_SIGINFO
SIGTERM: [libjvm.dylib+0x62754d], sa_mask[0]=11111111011111110111111111111111, sa_flags=SA_RESTART|SA_SIGINFO
SIGQUIT: [libjvm.dylib+0x62754d], sa_mask[0]=11111111011111110111111111111111, sa_flags=SA_RESTART|SA_SIGINFO


---------------  S Y S T E M  ---------------

OS:uname:Darwin 19.2.0 Darwin Kernel Version 19.2.0: Sat Nov  9 03:47:04 PST 2019; root:xnu-6153.61.1~20/RELEASE_X86_64 x86_64
rlimit: STACK 8192k, CORE 0k, NPROC 1392, NOFILE 10240, AS infinity, DATA infinity, FSIZE infinity
load average:2.03 1.91 2.11

CPU:total 4 (initial active 4) (2 cores per cpu, 2 threads per core) family 6 model 142 stepping 9, cmov, cx8, fxsr, mmx, sse, sse2, sse3, ssse3, sse4.1, sse4.2, popcnt, avx, avx2, aes, clmul, erms, rtm, 3dnowpref, lzcnt, ht, tsc, tscinvbit, bmi1, bmi2, adx, fma

Memory: 4k page, physical 8388608k(495584k free), swap 2097152k(1671936k free)

vm_info: Java HotSpot(TM) 64-Bit Server VM (13.0.1+9) for bsd-amd64 JRE (13.0.1+9), built on Oct  6 2019 11:43:59 by "mach5one" with clang 4.2.1 Compatible Apple LLVM 10.0.0 (clang-1000.11.45.5)

END.
